20260713_平和島_1
20260713_江戸川_3
20260713_浜名湖_3
20260713_多摩川_4
20260713_平和島_3
20260713_江戸川_5
20260713_唐津_11
20260713_平和島_4
20260713_津_6
20260713_江戸川_6
20260713_鳴門_11
20260713_児島_5
20260713_津_7
20260713_丸亀_1
20260713_浜名湖_9
20260713_江戸川_11
20260713_丸亀_3
20260713_児島_10
20260713_浜名湖_11
20260713_蒲郡_5
20260713_丸亀_6
20260713_丸亀_9
20260713_蒲郡_10
20260714_唐津_4
20260714_江戸川_1
20260714_尼崎_3
20260714_浜名湖_2
20260714_多摩川_3
20260714_平和島_3
20260714_多摩川_4
20260714_福岡_3
20260714_浜名湖_5
20260714_尼崎_7
20260715_唐津_4
20260715_常滑_2
20260715_芦屋_7
20260715_常滑_3
20260715_宮島_3
20260715_芦屋_8
20260715_徳山_8
20260715_多摩川_2
20260715_江戸川_3
20260715_宮島_4
20260715_唐津_9
